<?xml version="1.0" encoding="UTF-8"?>
<!-- Generated by org.testng.reporters.JUnitXMLReporter -->
<testsuite ignored="0" hostname="DESKTOP-SSVA3IU" failures="0" tests="6" name="Test" time="32.724" errors="0" timestamp="2022-07-05T22:29:59 GMT-07:00">
  <testcase classname="com.team3.TestRunner.TestRunner" name="feature" time="9.003"/>
  <testcase classname="com.team3.TestRunner.TestRunner" name="feature" time="1.291"/>
  <testcase classname="com.team3.TestRunner.TestRunner" name="feature" time="1.4"/>
  <testcase classname="com.team3.TestRunner.TestRunner" name="feature" time="1.426"/>
  <testcase classname="com.team3.TestRunner.TestRunner" name="feature" time="9.498"/>
  <testcase classname="com.team3.TestRunner.functionTestRunner" name="feature" time="9.442"/>
</testsuite> <!-- Test -->
