<?xml version="1.0" encoding="UTF-8"?>
<!-- Generated by org.testng.reporters.JUnitXMLReporter -->
<testsuite ignored="0" hostname="DESKTOP-SSVA3IU" failures="0" tests="6" name="Test" time="43.258" errors="0" timestamp="2022-07-06T10:00:22 GMT-07:00">
  <testcase classname="com.team3.TestRunner.TestRunner" name="feature" time="14.731"/>
  <testcase classname="com.team3.TestRunner.TestRunner" name="feature" time="1.048"/>
  <testcase classname="com.team3.TestRunner.TestRunner" name="feature" time="1.385"/>
  <testcase classname="com.team3.TestRunner.TestRunner" name="feature" time="1.388"/>
  <testcase classname="com.team3.TestRunner.TestRunner" name="feature" time="9.496"/>
  <testcase classname="com.team3.TestRunner.functionTestRunner" name="feature" time="14.365"/>
</testsuite> <!-- Test -->
