<?xml version="1.0" encoding="UTF-8"?>
<testng-results ignored="0" total="6" passed="6" failed="0" skipped="0">
  <reporter-output>
  </reporter-output>
  <suite started-at="2022-07-06T09:59:39 GMT-07:00" name="Suite" finished-at="2022-07-06T10:00:22 GMT-07:00" duration-ms="43258">
    <groups>
    </groups>
    <test started-at="2022-07-06T09:59:39 GMT-07:00" name="Test" finished-at="2022-07-06T10:00:22 GMT-07:00" duration-ms="43258">
      <class name="com.team3.TestRunner.functionTestRunner">
        <test-method is-config="true" signature="setUpClass()[pri:0, instance:com.team3.TestRunner.functionTestRunner@50caa560]" started-at="2022-07-06T10:00:08 GMT-07:00" name="setUpClass" finished-at="2022-07-06T10:00:08 GMT-07:00" duration-ms="28" status="PASS">
          <reporter-output>
          </reporter-output>
        </test-method> <!-- setUpClass -->
        <test-method signature="feature(cucumber.api.testng.PickleEventWrapper,cucumber.api.testng.CucumberFeatureWrapper)[pri:0, instance:com.team3.TestRunner.functionTestRunner@50caa560]" started-at="2022-07-06T10:00:08 GMT-07:00" name="feature" data-provider="features" finished-at="2022-07-06T10:00:22 GMT-07:00" duration-ms="14365" status="PASS">
          <params>
            <param index="0">
              <value>
                <![CDATA["sample app login"]]>
              </value>
            </param>
            <param index="1">
              <value>
                <![CDATA["sample app validation"]]>
              </value>
            </param>
          </params>
          <reporter-output>
          </reporter-output>
        </test-method> <!-- feature -->
        <test-method is-config="true" signature="tearDownClass()[pri:0, instance:com.team3.TestRunner.functionTestRunner@50caa560]" started-at="2022-07-06T10:00:22 GMT-07:00" name="tearDownClass" finished-at="2022-07-06T10:00:22 GMT-07:00" duration-ms="2" status="PASS">
          <reporter-output>
          </reporter-output>
        </test-method> <!-- tearDownClass -->
      </class> <!-- com.team3.TestRunner.functionTestRunner -->
      <class name="com.team3.TestRunner.TestRunner">
        <test-method is-config="true" signature="setUpClass()[pri:0, instance:com.team3.TestRunner.TestRunner@740773a3]" started-at="2022-07-06T09:59:39 GMT-07:00" name="setUpClass" finished-at="2022-07-06T09:59:39 GMT-07:00" duration-ms="449" status="PASS">
          <reporter-output>
          </reporter-output>
        </test-method> <!-- setUpClass -->
        <test-method signature="feature(cucumber.api.testng.PickleEventWrapper,cucumber.api.testng.CucumberFeatureWrapper)[pri:0, instance:com.team3.TestRunner.TestRunner@740773a3]" started-at="2022-07-06T09:59:40 GMT-07:00" name="feature" data-provider="features" finished-at="2022-07-06T09:59:54 GMT-07:00" duration-ms="14731" status="PASS">
          <params>
            <param index="0">
              <value>
                <![CDATA["website title validation"]]>
              </value>
            </param>
            <param index="1">
              <value>
                <![CDATA["homepage validation"]]>
              </value>
            </param>
          </params>
          <reporter-output>
          </reporter-output>
        </test-method> <!-- feature -->
        <test-method signature="feature(cucumber.api.testng.PickleEventWrapper,cucumber.api.testng.CucumberFeatureWrapper)[pri:0, instance:com.team3.TestRunner.TestRunner@740773a3]" started-at="2022-07-06T09:59:54 GMT-07:00" name="feature" data-provider="features" finished-at="2022-07-06T09:59:55 GMT-07:00" duration-ms="1048" status="PASS">
          <params>
            <param index="0">
              <value>
                <![CDATA["title validation of Dynamic ID"]]>
              </value>
            </param>
            <param index="1">
              <value>
                <![CDATA["homepage validation"]]>
              </value>
            </param>
          </params>
          <reporter-output>
          </reporter-output>
        </test-method> <!-- feature -->
        <test-method signature="feature(cucumber.api.testng.PickleEventWrapper,cucumber.api.testng.CucumberFeatureWrapper)[pri:0, instance:com.team3.TestRunner.TestRunner@740773a3]" started-at="2022-07-06T09:59:55 GMT-07:00" name="feature" data-provider="features" finished-at="2022-07-06T09:59:57 GMT-07:00" duration-ms="1385" status="PASS">
          <params>
            <param index="0">
              <value>
                <![CDATA["title validation of ClassAttribute"]]>
              </value>
            </param>
            <param index="1">
              <value>
                <![CDATA["homepage validation"]]>
              </value>
            </param>
          </params>
          <reporter-output>
          </reporter-output>
        </test-method> <!-- feature -->
        <test-method signature="feature(cucumber.api.testng.PickleEventWrapper,cucumber.api.testng.CucumberFeatureWrapper)[pri:0, instance:com.team3.TestRunner.TestRunner@740773a3]" started-at="2022-07-06T09:59:57 GMT-07:00" name="feature" data-provider="features" finished-at="2022-07-06T09:59:58 GMT-07:00" duration-ms="1388" status="PASS">
          <params>
            <param index="0">
              <value>
                <![CDATA["title validation of HiddenLayer"]]>
              </value>
            </param>
            <param index="1">
              <value>
                <![CDATA["homepage validation"]]>
              </value>
            </param>
          </params>
          <reporter-output>
          </reporter-output>
        </test-method> <!-- feature -->
        <test-method signature="feature(cucumber.api.testng.PickleEventWrapper,cucumber.api.testng.CucumberFeatureWrapper)[pri:0, instance:com.team3.TestRunner.TestRunner@740773a3]" started-at="2022-07-06T09:59:58 GMT-07:00" name="feature" data-provider="features" finished-at="2022-07-06T10:00:08 GMT-07:00" duration-ms="9496" status="PASS">
          <params>
            <param index="0">
              <value>
                <![CDATA["testing LoadDelay"]]>
              </value>
            </param>
            <param index="1">
              <value>
                <![CDATA["homepage validation"]]>
              </value>
            </param>
          </params>
          <reporter-output>
          </reporter-output>
        </test-method> <!-- feature -->
        <test-method is-config="true" signature="tearDownClass()[pri:0, instance:com.team3.TestRunner.TestRunner@740773a3]" started-at="2022-07-06T10:00:08 GMT-07:00" name="tearDownClass" finished-at="2022-07-06T10:00:08 GMT-07:00" duration-ms="39" status="PASS">
          <reporter-output>
          </reporter-output>
        </test-method> <!-- tearDownClass -->
      </class> <!-- com.team3.TestRunner.TestRunner -->
    </test> <!-- Test -->
  </suite> <!-- Suite -->
</testng-results>
