<?xml version="1.0" encoding="UTF-8"?>
<testng-results ignored="0" total="6" passed="6" failed="0" skipped="0">
  <reporter-output>
  </reporter-output>
  <suite started-at="2022-07-05T22:29:26 GMT-07:00" name="Suite" finished-at="2022-07-05T22:29:59 GMT-07:00" duration-ms="32724">
    <groups>
    </groups>
    <test started-at="2022-07-05T22:29:26 GMT-07:00" name="Test" finished-at="2022-07-05T22:29:59 GMT-07:00" duration-ms="32724">
      <class name="com.team3.TestRunner.functionTestRunner">
        <test-method is-config="true" signature="setUpClass()[pri:0, instance:com.team3.TestRunner.functionTestRunner@50caa560]" started-at="2022-07-05T22:29:50 GMT-07:00" name="setUpClass" finished-at="2022-07-05T22:29:50 GMT-07:00" duration-ms="2" status="PASS">
          <reporter-output>
          </reporter-output>
        </test-method> <!-- setUpClass -->
        <test-method signature="feature(cucumber.api.testng.PickleEventWrapper,cucumber.api.testng.CucumberFeatureWrapper)[pri:0, instance:com.team3.TestRunner.functionTestRunner@50caa560]" started-at="2022-07-05T22:29:50 GMT-07:00" name="feature" data-provider="features" finished-at="2022-07-05T22:29:59 GMT-07:00" duration-ms="9442" status="PASS">
          <params>
            <param index="0">
              <value>
                <![CDATA["sample app login"]]>
              </value>
            </param>
            <param index="1">
              <value>
                <![CDATA["sample app validation"]]>
              </value>
            </param>
          </params>
          <reporter-output>
          </reporter-output>
        </test-method> <!-- feature -->
        <test-method is-config="true" signature="tearDownClass()[pri:0, instance:com.team3.TestRunner.functionTestRunner@50caa560]" started-at="2022-07-05T22:29:59 GMT-07:00" name="tearDownClass" finished-at="2022-07-05T22:29:59 GMT-07:00" duration-ms="3" status="PASS">
          <reporter-output>
          </reporter-output>
        </test-method> <!-- tearDownClass -->
      </class> <!-- com.team3.TestRunner.functionTestRunner -->
      <class name="com.team3.TestRunner.TestRunner">
        <test-method is-config="true" signature="setUpClass()[pri:0, instance:com.team3.TestRunner.TestRunner@740773a3]" started-at="2022-07-05T22:29:27 GMT-07:00" name="setUpClass" finished-at="2022-07-05T22:29:27 GMT-07:00" duration-ms="318" status="PASS">
          <reporter-output>
          </reporter-output>
        </test-method> <!-- setUpClass -->
        <test-method signature="feature(cucumber.api.testng.PickleEventWrapper,cucumber.api.testng.CucumberFeatureWrapper)[pri:0, instance:com.team3.TestRunner.TestRunner@740773a3]" started-at="2022-07-05T22:29:27 GMT-07:00" name="feature" data-provider="features" finished-at="2022-07-05T22:29:36 GMT-07:00" duration-ms="9003" status="PASS">
          <params>
            <param index="0">
              <value>
                <![CDATA["website title validation"]]>
              </value>
            </param>
            <param index="1">
              <value>
                <![CDATA["homepage validation"]]>
              </value>
            </param>
          </params>
          <reporter-output>
          </reporter-output>
        </test-method> <!-- feature -->
        <test-method signature="feature(cucumber.api.testng.PickleEventWrapper,cucumber.api.testng.CucumberFeatureWrapper)[pri:0, instance:com.team3.TestRunner.TestRunner@740773a3]" started-at="2022-07-05T22:29:36 GMT-07:00" name="feature" data-provider="features" finished-at="2022-07-05T22:29:37 GMT-07:00" duration-ms="1291" status="PASS">
          <params>
            <param index="0">
              <value>
                <![CDATA["title validation of Dynamic ID"]]>
              </value>
            </param>
            <param index="1">
              <value>
                <![CDATA["homepage validation"]]>
              </value>
            </param>
          </params>
          <reporter-output>
          </reporter-output>
        </test-method> <!-- feature -->
        <test-method signature="feature(cucumber.api.testng.PickleEventWrapper,cucumber.api.testng.CucumberFeatureWrapper)[pri:0, instance:com.team3.TestRunner.TestRunner@740773a3]" started-at="2022-07-05T22:29:37 GMT-07:00" name="feature" data-provider="features" finished-at="2022-07-05T22:29:39 GMT-07:00" duration-ms="1400" status="PASS">
          <params>
            <param index="0">
              <value>
                <![CDATA["title validation of ClassAttribute"]]>
              </value>
            </param>
            <param index="1">
              <value>
                <![CDATA["homepage validation"]]>
              </value>
            </param>
          </params>
          <reporter-output>
          </reporter-output>
        </test-method> <!-- feature -->
        <test-method signature="feature(cucumber.api.testng.PickleEventWrapper,cucumber.api.testng.CucumberFeatureWrapper)[pri:0, instance:com.team3.TestRunner.TestRunner@740773a3]" started-at="2022-07-05T22:29:39 GMT-07:00" name="feature" data-provider="features" finished-at="2022-07-05T22:29:40 GMT-07:00" duration-ms="1426" status="PASS">
          <params>
            <param index="0">
              <value>
                <![CDATA["title validation of HiddenLayer"]]>
              </value>
            </param>
            <param index="1">
              <value>
                <![CDATA["homepage validation"]]>
              </value>
            </param>
          </params>
          <reporter-output>
          </reporter-output>
        </test-method> <!-- feature -->
        <test-method signature="feature(cucumber.api.testng.PickleEventWrapper,cucumber.api.testng.CucumberFeatureWrapper)[pri:0, instance:com.team3.TestRunner.TestRunner@740773a3]" started-at="2022-07-05T22:29:40 GMT-07:00" name="feature" data-provider="features" finished-at="2022-07-05T22:29:50 GMT-07:00" duration-ms="9498" status="PASS">
          <params>
            <param index="0">
              <value>
                <![CDATA["testing LoadDelay"]]>
              </value>
            </param>
            <param index="1">
              <value>
                <![CDATA["homepage validation"]]>
              </value>
            </param>
          </params>
          <reporter-output>
          </reporter-output>
        </test-method> <!-- feature -->
        <test-method is-config="true" signature="tearDownClass()[pri:0, instance:com.team3.TestRunner.TestRunner@740773a3]" started-at="2022-07-05T22:29:50 GMT-07:00" name="tearDownClass" finished-at="2022-07-05T22:29:50 GMT-07:00" duration-ms="30" status="PASS">
          <reporter-output>
          </reporter-output>
        </test-method> <!-- tearDownClass -->
      </class> <!-- com.team3.TestRunner.TestRunner -->
    </test> <!-- Test -->
  </suite> <!-- Suite -->
</testng-results>
